Performing C SOURCE FILE Test CMAKE_HAVE_LIBC_PTHREAD failed with the following output:
Change Dir: /home/yyj/下载/develop_utils/eigen_demo/build/CMakeFiles/CMakeTmp

Run Build Command(s):/usr/bin/make cmTC_79b87/fast && /usr/bin/make -f CMakeFiles/cmTC_79b87.dir/build.make CMakeFiles/cmTC_79b87.dir/build
make[1]: Entering directory '/home/yyj/下载/develop_utils/eigen_demo/build/CMakeFiles/CMakeTmp'
Building C object CMakeFiles/cmTC_79b87.dir/src.c.o
/usr/bin/cc   -DCMAKE_HAVE_LIBC_PTHREAD   -o CMakeFiles/cmTC_79b87.dir/src.c.o   -c /home/yyj/下载/develop_utils/eigen_demo/build/CMakeFiles/CMakeTmp/src.c
Linking C executable cmTC_79b87
/usr/local/bin/cmake -E cmake_link_script CMakeFiles/cmTC_79b87.dir/link.txt --verbose=1
/usr/bin/cc  -DCMAKE_HAVE_LIBC_PTHREAD    -rdynamic CMakeFiles/cmTC_79b87.dir/src.c.o  -o cmTC_79b87 
CMakeFiles/cmTC_79b87.dir/src.c.o：在函数‘main’中：
src.c:(.text+0x3c)：对‘pthread_create’未定义的引用
src.c:(.text+0x48)：对‘pthread_detach’未定义的引用
src.c:(.text+0x59)：对‘pthread_join’未定义的引用
src.c:(.text+0x6d)：对‘pthread_atfork’未定义的引用
collect2: error: ld returned 1 exit status
CMakeFiles/cmTC_79b87.dir/build.make:86: recipe for target 'cmTC_79b87' failed
make[1]: *** [cmTC_79b87] Error 1
make[1]: Leaving directory '/home/yyj/下载/develop_utils/eigen_demo/build/CMakeFiles/CMakeTmp'
Makefile:121: recipe for target 'cmTC_79b87/fast' failed
make: *** [cmTC_79b87/fast] Error 2


Source file was:
#include <pthread.h>

void* test_func(void* data)
{
  return data;
}

int main(void)
{
  pthread_t thread;
  pthread_create(&thread, NULL, test_func, NULL);
  pthread_detach(thread);
  pthread_join(thread, NULL);
  pthread_atfork(NULL, NULL, NULL);
  pthread_exit(NULL);

  return 0;
}

Determining if the function pthread_create exists in the pthreads failed with the following output:
Change Dir: /home/yyj/下载/develop_utils/eigen_demo/build/CMakeFiles/CMakeTmp

Run Build Command(s):/usr/bin/make cmTC_3600f/fast && /usr/bin/make -f CMakeFiles/cmTC_3600f.dir/build.make CMakeFiles/cmTC_3600f.dir/build
make[1]: Entering directory '/home/yyj/下载/develop_utils/eigen_demo/build/CMakeFiles/CMakeTmp'
Building C object CMakeFiles/cmTC_3600f.dir/CheckFunctionExists.c.o
/usr/bin/cc   -DCHECK_FUNCTION_EXISTS=pthread_create   -o CMakeFiles/cmTC_3600f.dir/CheckFunctionExists.c.o   -c /usr/local/share/cmake-3.15/Modules/CheckFunctionExists.c
Linking C executable cmTC_3600f
/usr/local/bin/cmake -E cmake_link_script CMakeFiles/cmTC_3600f.dir/link.txt --verbose=1
/usr/bin/cc  -DCHECK_FUNCTION_EXISTS=pthread_create    -rdynamic CMakeFiles/cmTC_3600f.dir/CheckFunctionExists.c.o  -o cmTC_3600f -lpthreads 
/usr/bin/ld: 找不到 -lpthreads
collect2: error: ld returned 1 exit status
CMakeFiles/cmTC_3600f.dir/build.make:86: recipe for target 'cmTC_3600f' failed
make[1]: *** [cmTC_3600f] Error 1
make[1]: Leaving directory '/home/yyj/下载/develop_utils/eigen_demo/build/CMakeFiles/CMakeTmp'
Makefile:121: recipe for target 'cmTC_3600f/fast' failed
make: *** [cmTC_3600f/fast] Error 2



